
> welthos@0.1.0 dev
> next dev --turbopack

 ⚠ Port 3000 is in use by an unknown process, using available port 3001 instead.
   ▲ Next.js 15.5.4 (Turbopack)
   - Local:        http://localhost:3001
   - Network:      http://10.255.227.28:3001
   - Environments: .env
   - Experiments (use with caution):
     · serverActions

 ✓ Starting...
 ✓ Compiled middleware in 269ms
 ✓ Ready in 880ms
✦Aj WARN Arcjet will use 127.0.0.1 when missing public IP address in development mode
 ○ Compiling / ...
 ✓ Compiled / in 2.3s
 ⨯ ./components/header.jsx:7:1
Module not found: Can't resolve '@/components/providers/auth-context'
[0m [90m  5 |[39m [36mimport[39m { [33mPenBox[39m[33m,[39m [33mLayoutDashboard[39m[33m,[39m [33mLogOut[39m } [36mfrom[39m [32m"lucide-react"[39m[33m;[39m
 [90m  6 |[39m [36mimport[39m [33mLink[39m [36mfrom[39m [32m"next/link"[39m[33m;[39m
[31m[1m>[22m[39m[90m  7 |[39m [36mimport[39m { useAuth } [36mfrom[39m [32m"@/components/providers/auth-context"[39m[33m;[39m
 [90m    |[39m [31m[1m^[22m[39m[31m[1m^[22m[39m[31m[1m^[22m[39m[31m[1m^[22m[39m[31m[1m^[22m[39m[31m[1m^[22m[39m[31m[1m^[22m[39m[31m[1m^[22m[39m[31m[1m^[22m[39m[31m[1m^[22m[39m[31m[1m^[22m[39m[31m[1m^[22m[39m[31m[1m^[22m[39m[31m[1m^[22m[39m[31m[1m^[22m[39m[31m[1m^[22m[39m[31m[1m^[22m[39m[31m[1m^[22m[39m[31m[1m^[22m[39m[31m[1m^[22m[39m[31m[1m^[22m[39m[31m[1m^[22m[39m[31m[1m^[22m[39m[31m[1m^[22m[39m[31m[1m^[22m[39m[31m[1m^[22m[39m[31m[1m^[22m[39m[31m[1m^[22m[39m[31m[1m^[22m[39m[31m[1m^[22m[39m[31m[1m^[22m[39m[31m[1m^[22m[39m[31m[1m^[22m[39m[31m[1m^[22m[39m[31m[1m^[22m[39m[31m[1m^[22m[39m[31m[1m^[22m[39m[31m[1m^[22m[39m[31m[1m^[22m[39m[31m[1m^[22m[39m[31m[1m^[22m[39m[31m[1m^[22m[39m[31m[1m^[22m[39m[31m[1m^[22m[39m[31m[1m^[22m[39m[31m[1m^[22m[39m[31m[1m^[22m[39m[31m[1m^[22m[39m[31m[1m^[22m[39m[31m[1m^[22m[39m[31m[1m^[22m[39m[31m[1m^[22m[39m[31m[1m^[22m[39m[31m[1m^[22m[39m[31m[1m^[22m[39m[31m[1m^[22m[39m[31m[1m^[22m[39m[31m[1m^[22m[39m[31m[1m^[22m[39m[31m[1m^[22m[39m[31m[1m^[22m[39m[31m[1m^[22m[39m
 [90m  8 |[39m [36mimport[39m [33mImage[39m [36mfrom[39m [32m"next/image"[39m[33m;[39m
 [90m  9 |[39m
 [90m 10 |[39m [36mconst[39m [33mHeader[39m [33m=[39m () [33m=>[39m {[0m

Import map: aliased to relative './components/providers/auth-context' inside of [project]/


Import trace:
  Server Component:
    ./components/header.jsx
    ./app/layout.js

https://nextjs.org/docs/messages/module-not-found


 ○ Compiling /_error ...
 ✓ Compiled /_error in 913ms
 HEAD / 500 in 3272ms
 ⨯ ./components/header.jsx:7:1
Module not found: Can't resolve '@/components/providers/auth-context'
[0m [90m  5 |[39m [36mimport[39m { [33mPenBox[39m[33m,[39m [33mLayoutDashboard[39m[33m,[39m [33mLogOut[39m } [36mfrom[39m [32m"lucide-react"[39m[33m;[39m
 [90m  6 |[39m [36mimport[39m [33mLink[39m [36mfrom[39m [32m"next/link"[39m[33m;[39m
[31m[1m>[22m[39m[90m  7 |[39m [36mimport[39m { useAuth } [36mfrom[39m [32m"@/components/providers/auth-context"[39m[33m;[39m
 [90m    |[39m [31m[1m^[22m[39m[31m[1m^[22m[39m[31m[1m^[22m[39m[31m[1m^[22m[39m[31m[1m^[22m[39m[31m[1m^[22m[39m[31m[1m^[22m[39m[31m[1m^[22m[39m[31m[1m^[22m[39m[31m[1m^[22m[39m[31m[1m^[22m[39m[31m[1m^[22m[39m[31m[1m^[22m[39m[31m[1m^[22m[39m[31m[1m^[22m[39m[31m[1m^[22m[39m[31m[1m^[22m[39m[31m[1m^[22m[39m[31m[1m^[22m[39m[31m[1m^[22m[39m[31m[1m^[22m[39m[31m[1m^[22m[39m[31m[1m^[22m[39m[31m[1m^[22m[39m[31m[1m^[22m[39m[31m[1m^[22m[39m[31m[1m^[22m[39m[31m[1m^[22m[39m[31m[1m^[22m[39m[31m[1m^[22m[39m[31m[1m^[22m[39m[31m[1m^[22m[39m[31m[1m^[22m[39m[31m[1m^[22m[39m[31m[1m^[22m[39m[31m[1m^[22m[39m[31m[1m^[22m[39m[31m[1m^[22m[39m[31m[1m^[22m[39m[31m[1m^[22m[39m[31m[1m^[22m[39m[31m[1m^[22m[39m[31m[1m^[22m[39m[31m[1m^[22m[39m[31m[1m^[22m[39m[31m[1m^[22m[39m[31m[1m^[22m[39m[31m[1m^[22m[39m[31m[1m^[22m[39m[31m[1m^[22m[39m[31m[1m^[22m[39m[31m[1m^[22m[39m[31m[1m^[22m[39m[31m[1m^[22m[39m[31m[1m^[22m[39m[31m[1m^[22m[39m[31m[1m^[22m[39m[31m[1m^[22m[39m[31m[1m^[22m[39m[31m[1m^[22m[39m[31m[1m^[22m[39m[31m[1m^[22m[39m
 [90m  8 |[39m [36mimport[39m [33mImage[39m [36mfrom[39m [32m"next/image"[39m[33m;[39m
 [90m  9 |[39m
 [90m 10 |[39m [36mconst[39m [33mHeader[39m [33m=[39m () [33m=>[39m {[0m

Import map: aliased to relative './components/providers/auth-context' inside of [project]/


Import trace:
  Server Component:
    ./components/header.jsx
    ./app/layout.js

https://nextjs.org/docs/messages/module-not-found


 GET / 500 in 17ms
 ✓ Compiled in 172ms
 ✓ Compiled / in 8ms
 HEAD / 200 in 461ms
 GET / 200 in 136ms
[?25h
